<?xml version="1.0" encoding="UTF-8"?>
<testsuite xmlns:xsi="http://www.w3.org/2001/XMLSchema-instance" xsi:noNamespaceSchemaLocation="https://maven.apache.org/surefire/maven-surefire-plugin/xsd/surefire-test-report.xsd" name="com.team3.SWTestingTeam3.SwTestingTeam3ApplicationTests" time="8.926" tests="26" errors="0" skipped="0" failures="0">
  <properties>
[...]
</properties>
  <testcase name="option4_isBalanceCorrect" classname="com.team3.SWTestingTeam3.SwTestingTeam3ApplicationTests" time="1.12"/>
  <testcase name="option1_NegativeInput" classname="com.team3.SWTestingTeam3.SwTestingTeam3ApplicationTests" time="0.119"/>
  <testcase name="option2_monthlyContributionsMustBePositive" classname="com.team3.SWTestingTeam3.SwTestingTeam3ApplicationTests" time="0.014"/>
  <testcase name="option4_isPeriodPositive" classname="com.team3.SWTestingTeam3.SwTestingTeam3ApplicationTests" time="0.018"/>
  <testcase name="option4_isDepositPositive" classname="com.team3.SWTestingTeam3.SwTestingTeam3ApplicationTests" time="0.01"/>
  <testcase name="option3_creditCardInterestRateMustBeValidPercentage" classname="com.team3.SWTestingTeam3.SwTestingTeam3ApplicationTests" time="0.017"/>
  <testcase name="option3_creditCardBalanceMustBePositive" classname="com.team3.SWTestingTeam3.SwTestingTeam3ApplicationTests" time="0.02"/>
  <testcase name="option2_APYInterestRateMustBeValidPercentage" classname="com.team3.SWTestingTeam3.SwTestingTeam3ApplicationTests" time="0.02"/>
  <testcase name="option3_correctMonthlyPayment" classname="com.team3.SWTestingTeam3.SwTestingTeam3ApplicationTests" time="0.014"/>
  <testcase name="option1_ValidPercentRange" classname="com.team3.SWTestingTeam3.SwTestingTeam3ApplicationTests" time="0.012"/>
  <testcase name="option2_correctInterestEarned" classname="com.team3.SWTestingTeam3.SwTestingTeam3ApplicationTests" time="0.014"/>
  <testcase name="option1_OutputCorrectIP" classname="com.team3.SWTestingTeam3.SwTestingTeam3ApplicationTests" time="0.054"/>
  <testcase name="option1_OutputCorrectPP" classname="com.team3.SWTestingTeam3.SwTestingTeam3ApplicationTests" time="0.024"/>
  <testcase name="option3_correctTotalAmountPaid" classname="com.team3.SWTestingTeam3.SwTestingTeam3ApplicationTests" time="0.039"/>
  <testcase name="option3_minimumPaymentPercentageMustBeValidPercentage" classname="com.team3.SWTestingTeam3.SwTestingTeam3ApplicationTests" time="0.026"/>
  <testcase name="option2_correctTotalSavings" classname="com.team3.SWTestingTeam3.SwTestingTeam3ApplicationTests" time="0.011"/>
  <testcase name="option2_initDepositMustBePositive" classname="com.team3.SWTestingTeam3.SwTestingTeam3ApplicationTests" time="0.026"/>
  <testcase name="option4_isAPYValid" classname="com.team3.SWTestingTeam3.SwTestingTeam3ApplicationTests" time="0.007"/>
  <testcase name="option2_periodMustBePositive" classname="com.team3.SWTestingTeam3.SwTestingTeam3ApplicationTests" time="0.014"/>
  <testcase name="option2_periodMustBeFactor" classname="com.team3.SWTestingTeam3.SwTestingTeam3ApplicationTests" time="0.011"/>
  <testcase name="option1_OutputCorrectMonthlyPayment" classname="com.team3.SWTestingTeam3.SwTestingTeam3ApplicationTests" time="0.023"/>
  <testcase name="option4_isInterestCorrect" classname="com.team3.SWTestingTeam3.SwTestingTeam3ApplicationTests" time="0.012"/>
  <testcase name="contextLoads" classname="com.team3.SWTestingTeam3.SwTestingTeam3ApplicationTests" time="0.001"/>
  <testcase name="option1_ValidMonthInput" classname="com.team3.SWTestingTeam3.SwTestingTeam3ApplicationTests" time="0.013"/>
  <testcase name="option2_correctTotalContributions" classname="com.team3.SWTestingTeam3.SwTestingTeam3ApplicationTests" time="0.064"/>
  <testcase name="option3_correctNumberOfMonthsToPayOffBalance" classname="com.team3.SWTestingTeam3.SwTestingTeam3ApplicationTests" time="0.074"/>
</testsuite>